cl : command line warning D9035: option 'Gm' has been deprecated and will be removed in a future release
  Var.cpp
  writestat.cpp
  variableassign.cpp
  ValueAssign.cpp
  main.cpp
  Statement.cpp
D:\marwan\University\Github\flowChart\Group 6 folder\Phase 2 PT Group\Statements\Statement.cpp(45,16): warning C4018: '<': signed/unsigned mismatch
  startstat.cpp
  readstat.cpp
  operatorassign.cpp
  endstat.cpp
  condstat.cpp
  HelperFn.cpp
D:\marwan\University\Github\flowChart\Group 6 folder\Phase 2 PT Group\HelperFn.cpp(20,9): warning C4018: '<': signed/unsigned mismatch
D:\marwan\University\Github\flowChart\Group 6 folder\Phase 2 PT Group\HelperFn.cpp(67,16): warning C4018: '<': signed/unsigned mismatch
  Output.cpp
D:\marwan\University\Github\flowChart\Group 6 folder\Phase 2 PT Group\GUI\Output.cpp(17,29): warning C4244: '=': conversion from 'double' to 'int', possible loss of data
  Input.cpp
  Connector.cpp
  ApplicationManager.cpp
  AddValueAssign.cpp
  windowinput.cpp
  mousequeue.cpp
  keyqueue.cpp
  Generating Code...
D:\marwan\University\Github\flowChart\Group 6 folder\Phase 2 PT Group\ApplicationManager.cpp(549): warning C4715: 'ApplicationManager::getvarvalue': not all control paths return a value
  Compiling...
  image.cpp
D:\marwan\University\Github\flowChart\Group 6 folder\Phase 2 PT Group\CMUgraphicsLib\image.cpp(115,29): warning C4018: '<': signed/unsigned mismatch
  colors.cpp
  CMUgraphics.cpp
D:\marwan\University\Github\flowChart\Group 6 folder\Phase 2 PT Group\CMUgraphicsLib\CMUgraphics.cpp(257,9): warning C4101: 'iX': unreferenced local variable
D:\marwan\University\Github\flowChart\Group 6 folder\Phase 2 PT Group\CMUgraphicsLib\CMUgraphics.cpp(257,13): warning C4101: 'iY': unreferenced local variable
D:\marwan\University\Github\flowChart\Group 6 folder\Phase 2 PT Group\CMUgraphicsLib\CMUgraphics.cpp(751,3): warning C4996: 'strcpy': This function or variable may be unsafe. Consider using strcpy_s instead. To disable deprecation, use _CRT_SECURE_NO_WARNINGS. See online help for details.
D:\marwan\University\Github\flowChart\Group 6 folder\Phase 2 PT Group\CMUgraphicsLib\CMUgraphics.cpp(1164,2): warning C4996: 'sprintf': This function or variable may be unsafe. Consider using sprintf_s instead. To disable deprecation, use _CRT_SECURE_NO_WARNINGS. See online help for details.
D:\marwan\University\Github\flowChart\Group 6 folder\Phase 2 PT Group\CMUgraphicsLib\CMUgraphics.cpp(1171,2): warning C4996: 'sprintf': This function or variable may be unsafe. Consider using sprintf_s instead. To disable deprecation, use _CRT_SECURE_NO_WARNINGS. See online help for details.
D:\marwan\University\Github\flowChart\Group 6 folder\Phase 2 PT Group\CMUgraphicsLib\CMUgraphics.cpp(1202,2): warning C4996: 'sprintf': This function or variable may be unsafe. Consider using sprintf_s instead. To disable deprecation, use _CRT_SECURE_NO_WARNINGS. See online help for details.
D:\marwan\University\Github\flowChart\Group 6 folder\Phase 2 PT Group\CMUgraphicsLib\CMUgraphics.cpp(1210,2): warning C4996: 'sprintf': This function or variable may be unsafe. Consider using sprintf_s instead. To disable deprecation, use _CRT_SECURE_NO_WARNINGS. See online help for details.
D:\marwan\University\Github\flowChart\Group 6 folder\Phase 2 PT Group\CMUgraphicsLib\CMUgraphics.cpp(1357,23): warning C4018: '>': signed/unsigned mismatch
  auxil.cpp
  validiate.cpp
  switchtosimmode.cpp
  switchtodsnmode.cpp
  selectaction.cpp
  runaction.cpp
  Paste.cpp
  LoadAction.cpp
  Edit.cpp
  deleter.cpp
  cutstatement.cpp
  copystatement.cpp
  addwritestat.cpp
  addvariableassign.cpp
  addstart.cpp
  addreadstat.cpp
  addoperatorassign.cpp
  Generating Code...
  Compiling...
  addend.cpp
  addconnector.cpp
  addcondstat.cpp
  ActionSave.cpp
  Generating Code...
cl : command line warning D9035: option 'Gm' has been deprecated and will be removed in a future release
  jutils.c
  jquant2.c
  jquant1.c
  jmemnobs.c
  jmemmgr.c
D:\marwan\University\Github\flowChart\Group 6 folder\Phase 2 PT Group\CMUgraphicsLib\jpeg\jmemmgr.c(1103,19): warning C4996: 'getenv': This function or variable may be unsafe. Consider using _dupenv_s instead. To disable deprecation, use _CRT_SECURE_NO_WARNINGS. See online help for details.
D:\marwan\University\Github\flowChart\Group 6 folder\Phase 2 PT Group\CMUgraphicsLib\jpeg\jmemmgr.c(1106,11): warning C4996: 'sscanf': This function or variable may be unsafe. Consider using sscanf_s instead. To disable deprecation, use _CRT_SECURE_NO_WARNINGS. See online help for details.
  jidctred.c
  jidctint.c
  jidctfst.c
  jidctflt.c
  jerror.c
D:\marwan\University\Github\flowChart\Group 6 folder\Phase 2 PT Group\CMUgraphicsLib\jpeg\jerror.c(169,5): warning C4996: 'sprintf': This function or variable may be unsafe. Consider using sprintf_s instead. To disable deprecation, use _CRT_SECURE_NO_WARNINGS. See online help for details.
D:\marwan\University\Github\flowChart\Group 6 folder\Phase 2 PT Group\CMUgraphicsLib\jpeg\jerror.c(171,5): warning C4996: 'sprintf': This function or variable may be unsafe. Consider using sprintf_s instead. To disable deprecation, use _CRT_SECURE_NO_WARNINGS. See online help for details.
  jdtrans.c
  jdsample.c
  jdpostct.c
  jdphuff.c
  jdmerge.c
  jdmaster.c
  jdmarker.c
  jdmainct.c
  jdinput.c
  jdhuff.c
  Generating Code...
  Compiling...
  jddctmgr.c
  jdcolor.c
  jdcoefct.c
  jdatasrc.c
  jdapistd.c
  jdapimin.c
  jcparam.c
  jcomapi.c
  jpegload.c
D:\marwan\University\Github\flowChart\Group 6 folder\Phase 2 PT Group\CMUgraphicsLib\jpegload.c(23,12): warning C4996: 'fopen': This function or variable may be unsafe. Consider using fopen_s instead. To disable deprecation, use _CRT_SECURE_NO_WARNINGS. See online help for details.
  Generating Code...
ActionSave.obj : warning LNK4075: ignoring '/EDITANDCONTINUE' due to '/SAFESEH' specification
  PT Project.vcxproj -> D:\marwan\University\Github\flowChart\Group 6 folder\Phase 2 PT Group\.\Debug\PT Project.exe
